mode: atomic
github.com/vetrovegor/kushfinds-backend/internal/app/app.go:33.54,44.16 2 0
github.com/vetrovegor/kushfinds-backend/internal/app/app.go:44.16,46.3 1 0
github.com/vetrovegor/kushfinds-backend/internal/app/app.go:48.2,61.42 4 0
github.com/vetrovegor/kushfinds-backend/internal/app/app.go:61.42,104.3 17 0
github.com/vetrovegor/kushfinds-backend/internal/app/app.go:106.2,116.3 2 0
github.com/vetrovegor/kushfinds-backend/internal/app/app.go:119.25,120.54 1 0
github.com/vetrovegor/kushfinds-backend/internal/app/app.go:120.54,121.34 1 0
github.com/vetrovegor/kushfinds-backend/internal/app/app.go:125.76,126.46 1 0
github.com/vetrovegor/kushfinds-backend/internal/app/app.go:126.46,127.72 1 0
github.com/vetrovegor/kushfinds-backend/internal/app/app.go:127.72,139.4 3 0
github.com/vetrovegor/kushfinds-backend/internal/app/app.go:147.58,149.2 1 0
github.com/vetrovegor/kushfinds-backend/internal/auth/db/mocks/mock.go:33.65,37.2 3 0
github.com/vetrovegor/kushfinds-backend/internal/auth/db/mocks/mock.go:40.63,42.2 1 0
github.com/vetrovegor/kushfinds-backend/internal/auth/db/mocks/mock.go:45.126,50.2 4 0
github.com/vetrovegor/kushfinds-backend/internal/auth/db/mocks/mock.go:53.113,56.2 2 0
github.com/vetrovegor/kushfinds-backend/internal/auth/db/mocks/mock.go:59.104,65.2 5 0
github.com/vetrovegor/kushfinds-backend/internal/auth/db/mocks/mock.go:68.98,71.2 2 0
github.com/vetrovegor/kushfinds-backend/internal/auth/db/postgresql.go:24.73,29.2 1 0
github.com/vetrovegor/kushfinds-backend/internal/auth/db/postgresql.go:31.46,33.2 1 0
github.com/vetrovegor/kushfinds-backend/internal/auth/db/postgresql.go:35.129,52.2 5 0
github.com/vetrovegor/kushfinds-backend/internal/auth/db/postgresql.go:54.100,67.16 6 0
github.com/vetrovegor/kushfinds-backend/internal/auth/db/postgresql.go:67.16,68.36 1 0
github.com/vetrovegor/kushfinds-backend/internal/auth/db/postgresql.go:68.36,70.4 1 0
github.com/vetrovegor/kushfinds-backend/internal/auth/db/postgresql.go:72.3,72.16 1 0
github.com/vetrovegor/kushfinds-backend/internal/auth/db/postgresql.go:75.2,75.20 1 0
github.com/vetrovegor/kushfinds-backend/internal/auth/mail.go:19.57,23.2 1 0
github.com/vetrovegor/kushfinds-backend/internal/auth/mail.go:26.79,43.2 3 0
github.com/vetrovegor/kushfinds-backend/internal/apperror/error.go:21.44,25.2 1 0
github.com/vetrovegor/kushfinds-backend/internal/apperror/error.go:27.35,29.2 1 0
github.com/vetrovegor/kushfinds-backend/internal/apperror/error.go:31.37,33.16 2 0
github.com/vetrovegor/kushfinds-backend/internal/apperror/error.go:33.16,35.3 1 0
github.com/vetrovegor/kushfinds-backend/internal/apperror/error.go:36.2,36.16 1 0
github.com/vetrovegor/kushfinds-backend/internal/apperror/error.go:39.66,42.27 2 0
github.com/vetrovegor/kushfinds-backend/internal/apperror/error.go:42.27,43.26 1 0
github.com/vetrovegor/kushfinds-backend/internal/apperror/error.go:44.19,45.87 1 0
github.com/vetrovegor/kushfinds-backend/internal/apperror/error.go:46.16,47.88 1 0
github.com/vetrovegor/kushfinds-backend/internal/apperror/error.go:48.14,49.123 1 0
github.com/vetrovegor/kushfinds-backend/internal/apperror/error.go:50.11,51.80 1 0
github.com/vetrovegor/kushfinds-backend/internal/apperror/error.go:55.2,55.49 1 0
github.com/vetrovegor/kushfinds-backend/internal/apperror/error.go:58.32,60.2 1 0
github.com/vetrovegor/kushfinds-backend/internal/apperror/middleware.go:10.45,11.55 1 0
github.com/vetrovegor/kushfinds-backend/internal/apperror/middleware.go:11.55,17.17 4 0
github.com/vetrovegor/kushfinds-backend/internal/apperror/middleware.go:17.17,18.31 1 0
github.com/vetrovegor/kushfinds-backend/internal/apperror/middleware.go:18.31,19.36 1 0
github.com/vetrovegor/kushfinds-backend/internal/apperror/middleware.go:19.36,21.6 1 0
github.com/vetrovegor/kushfinds-backend/internal/apperror/middleware.go:21.11,21.47 1 0
github.com/vetrovegor/kushfinds-backend/internal/apperror/middleware.go:21.47,23.6 1 0
github.com/vetrovegor/kushfinds-backend/internal/apperror/middleware.go:23.11,25.6 1 0
github.com/vetrovegor/kushfinds-backend/internal/apperror/middleware.go:27.5,29.11 2 0
github.com/vetrovegor/kushfinds-backend/internal/apperror/middleware.go:32.4,33.38 2 0
github.com/vetrovegor/kushfinds-backend/internal/auth/jwt/mocks/mock.go:32.69,36.2 3 0
github.com/vetrovegor/kushfinds-backend/internal/auth/jwt/mocks/mock.go:39.67,41.2 1 0
github.com/vetrovegor/kushfinds-backend/internal/auth/jwt/mocks/mock.go:44.70,50.2 5 0
github.com/vetrovegor/kushfinds-backend/internal/auth/jwt/mocks/mock.go:53.80,56.2 2 0
github.com/vetrovegor/kushfinds-backend/internal/auth/jwt/mocks/mock.go:59.63,64.2 4 0
github.com/vetrovegor/kushfinds-backend/internal/auth/jwt/mocks/mock.go:67.75,70.2 2 0
github.com/vetrovegor/kushfinds-backend/internal/auth/jwt/mocks/mock.go:73.69,79.2 5 0
github.com/vetrovegor/kushfinds-backend/internal/auth/jwt/mocks/mock.go:82.79,85.2 2 0
github.com/vetrovegor/kushfinds-backend/internal/auth/mocks/mock.go:31.67,35.2 3 0
github.com/vetrovegor/kushfinds-backend/internal/auth/mocks/mock.go:38.65,40.2 1 0
github.com/vetrovegor/kushfinds-backend/internal/auth/mocks/mock.go:43.77,48.2 4 0
github.com/vetrovegor/kushfinds-backend/internal/auth/mocks/mock.go:51.85,54.2 2 0
github.com/vetrovegor/kushfinds-backend/internal/code/db/postgresql.go:20.73,25.2 1 0
github.com/vetrovegor/kushfinds-backend/internal/code/db/postgresql.go:27.46,29.2 1 0
github.com/vetrovegor/kushfinds-backend/internal/code/db/postgresql.go:32.141,50.2 5 0
github.com/vetrovegor/kushfinds-backend/internal/code/db/postgresql.go:52.110,62.16 5 0
github.com/vetrovegor/kushfinds-backend/internal/code/db/postgresql.go:62.16,63.36 1 0
github.com/vetrovegor/kushfinds-backend/internal/code/db/postgresql.go:63.36,65.4 1 0
github.com/vetrovegor/kushfinds-backend/internal/code/db/postgresql.go:66.3,66.20 1 0
github.com/vetrovegor/kushfinds-backend/internal/code/db/postgresql.go:69.2,69.18 1 0
github.com/vetrovegor/kushfinds-backend/internal/code/db/postgresql.go:72.124,82.16 5 0
github.com/vetrovegor/kushfinds-backend/internal/code/db/postgresql.go:82.16,83.36 1 0
github.com/vetrovegor/kushfinds-backend/internal/code/db/postgresql.go:83.36,85.4 1 0
github.com/vetrovegor/kushfinds-backend/internal/code/db/postgresql.go:86.3,86.20 1 0
github.com/vetrovegor/kushfinds-backend/internal/code/db/postgresql.go:89.2,89.18 1 0
github.com/vetrovegor/kushfinds-backend/internal/code/service.go:40.71,45.2 1 0
github.com/vetrovegor/kushfinds-backend/internal/code/service.go:47.62,50.16 3 0
github.com/vetrovegor/kushfinds-backend/internal/code/service.go:50.16,53.3 2 0
github.com/vetrovegor/kushfinds-backend/internal/code/service.go:54.2,54.44 1 0
github.com/vetrovegor/kushfinds-backend/internal/code/service.go:57.94,59.55 2 0
github.com/vetrovegor/kushfinds-backend/internal/code/service.go:59.55,62.3 2 0
github.com/vetrovegor/kushfinds-backend/internal/code/service.go:64.2,64.12 1 0
github.com/vetrovegor/kushfinds-backend/internal/code/service.go:64.12,66.3 1 0
github.com/vetrovegor/kushfinds-backend/internal/code/service.go:68.2,69.16 2 0
github.com/vetrovegor/kushfinds-backend/internal/code/service.go:69.16,71.3 1 0
github.com/vetrovegor/kushfinds-backend/internal/code/service.go:73.2,73.141 1 0
github.com/vetrovegor/kushfinds-backend/internal/code/service.go:73.141,76.3 2 0
github.com/vetrovegor/kushfinds-backend/internal/code/service.go:78.2,78.18 1 0
github.com/vetrovegor/kushfinds-backend/internal/code/service.go:81.83,83.2 1 0
github.com/vetrovegor/kushfinds-backend/internal/code/service.go:85.93,87.2 1 0
github.com/vetrovegor/kushfinds-backend/internal/code/service.go:89.91,91.2 1 0
github.com/vetrovegor/kushfinds-backend/internal/code/service.go:93.97,95.55 2 0
github.com/vetrovegor/kushfinds-backend/internal/code/service.go:95.55,98.3 2 0
github.com/vetrovegor/kushfinds-backend/internal/code/service.go:100.2,100.13 1 0
github.com/vetrovegor/kushfinds-backend/internal/code/service.go:100.13,102.3 1 0
github.com/vetrovegor/kushfinds-backend/internal/code/service.go:104.2,104.12 1 0
github.com/vetrovegor/kushfinds-backend/internal/code/service.go:107.86,109.2 1 0
github.com/vetrovegor/kushfinds-backend/internal/auth/service/mocks/mock.go:34.59,38.2 3 0
github.com/vetrovegor/kushfinds-backend/internal/auth/service/mocks/mock.go:41.57,43.2 1 0
github.com/vetrovegor/kushfinds-backend/internal/auth/service/mocks/mock.go:46.110,52.2 5 0
github.com/vetrovegor/kushfinds-backend/internal/auth/service/mocks/mock.go:55.78,58.2 2 0
github.com/vetrovegor/kushfinds-backend/internal/auth/service/mocks/mock.go:61.131,67.2 5 0
github.com/vetrovegor/kushfinds-backend/internal/auth/service/mocks/mock.go:70.80,73.2 2 0
github.com/vetrovegor/kushfinds-backend/internal/auth/service/mocks/mock.go:76.71,81.2 4 0
github.com/vetrovegor/kushfinds-backend/internal/auth/service/mocks/mock.go:84.72,87.2 2 0
github.com/vetrovegor/kushfinds-backend/internal/auth/service/mocks/mock.go:90.99,96.2 5 0
github.com/vetrovegor/kushfinds-backend/internal/auth/service/mocks/mock.go:99.84,102.2 2 0
github.com/vetrovegor/kushfinds-backend/internal/auth/service/mocks/mock.go:105.87,110.2 4 0
github.com/vetrovegor/kushfinds-backend/internal/auth/service/mocks/mock.go:113.77,116.2 2 0
github.com/vetrovegor/kushfinds-backend/internal/auth/service/mocks/mock.go:119.131,125.2 5 0
github.com/vetrovegor/kushfinds-backend/internal/auth/service/mocks/mock.go:128.89,131.2 2 0
github.com/vetrovegor/kushfinds-backend/internal/auth/service/mocks/mock.go:134.101,139.2 4 0
github.com/vetrovegor/kushfinds-backend/internal/auth/service/mocks/mock.go:142.84,145.2 2 0
github.com/vetrovegor/kushfinds-backend/internal/auth/service/mocks/mock.go:148.125,154.2 5 0
github.com/vetrovegor/kushfinds-backend/internal/auth/service/mocks/mock.go:157.87,160.2 2 0
github.com/vetrovegor/kushfinds-backend/internal/auth/service/mocks/mock.go:163.86,168.2 4 0
github.com/vetrovegor/kushfinds-backend/internal/auth/service/mocks/mock.go:171.76,174.2 2 0
github.com/vetrovegor/kushfinds-backend/internal/code/mocks/mock.go:32.59,36.2 3 0
github.com/vetrovegor/kushfinds-backend/internal/code/mocks/mock.go:39.57,41.2 1 0
github.com/vetrovegor/kushfinds-backend/internal/code/mocks/mock.go:44.95,50.2 5 0
github.com/vetrovegor/kushfinds-backend/internal/code/mocks/mock.go:53.89,56.2 2 0
github.com/vetrovegor/kushfinds-backend/internal/code/mocks/mock.go:59.97,65.2 5 0
github.com/vetrovegor/kushfinds-backend/internal/code/mocks/mock.go:68.91,71.2 2 0
github.com/vetrovegor/kushfinds-backend/internal/code/mocks/mock.go:74.87,80.2 5 0
github.com/vetrovegor/kushfinds-backend/internal/code/mocks/mock.go:83.81,86.2 2 0
github.com/vetrovegor/kushfinds-backend/internal/code/mocks/mock.go:89.90,94.2 4 0
github.com/vetrovegor/kushfinds-backend/internal/code/mocks/mock.go:97.87,100.2 2 0
github.com/vetrovegor/kushfinds-backend/internal/config/config.go:47.25,49.22 2 0
github.com/vetrovegor/kushfinds-backend/internal/config/config.go:49.22,50.32 1 0
github.com/vetrovegor/kushfinds-backend/internal/config/config.go:53.2,53.35 1 0
github.com/vetrovegor/kushfinds-backend/internal/config/config.go:56.48,57.55 1 0
github.com/vetrovegor/kushfinds-backend/internal/config/config.go:57.55,58.53 1 0
github.com/vetrovegor/kushfinds-backend/internal/config/config.go:61.2,63.62 2 0
github.com/vetrovegor/kushfinds-backend/internal/config/config.go:63.62,64.48 1 0
github.com/vetrovegor/kushfinds-backend/internal/config/config.go:67.2,67.13 1 0
github.com/vetrovegor/kushfinds-backend/internal/config/config.go:73.31,79.15 4 0
github.com/vetrovegor/kushfinds-backend/internal/config/config.go:79.15,81.3 1 0
github.com/vetrovegor/kushfinds-backend/internal/config/config.go:83.2,83.12 1 0
github.com/vetrovegor/kushfinds-backend/internal/user/handler.go:20.119,26.2 1 0
github.com/vetrovegor/kushfinds-backend/internal/user/handler.go:28.47,29.50 1 0
github.com/vetrovegor/kushfinds-backend/internal/user/handler.go:29.50,33.3 2 0
github.com/vetrovegor/kushfinds-backend/internal/user/handler.go:40.77,44.16 3 0
github.com/vetrovegor/kushfinds-backend/internal/user/handler.go:44.16,46.3 1 0
github.com/vetrovegor/kushfinds-backend/internal/user/handler.go:48.2,50.12 2 0
github.com/vetrovegor/kushfinds-backend/internal/user/service.go:31.11,36.2 1 0
github.com/vetrovegor/kushfinds-backend/internal/user/service.go:38.71,40.16 2 0
github.com/vetrovegor/kushfinds-backend/internal/user/service.go:40.16,41.41 1 0
github.com/vetrovegor/kushfinds-backend/internal/user/service.go:41.41,43.4 1 0
github.com/vetrovegor/kushfinds-backend/internal/user/service.go:45.3,47.18 2 0
github.com/vetrovegor/kushfinds-backend/internal/user/service.go:50.2,60.8 1 0
github.com/vetrovegor/kushfinds-backend/internal/user/service.go:63.80,65.16 2 0
github.com/vetrovegor/kushfinds-backend/internal/user/service.go:65.16,66.41 1 0
github.com/vetrovegor/kushfinds-backend/internal/user/service.go:66.41,68.4 1 0
github.com/vetrovegor/kushfinds-backend/internal/user/service.go:70.3,72.18 2 0
github.com/vetrovegor/kushfinds-backend/internal/user/service.go:75.2,85.8 1 0
github.com/vetrovegor/kushfinds-backend/internal/user/service.go:88.74,90.16 2 0
github.com/vetrovegor/kushfinds-backend/internal/user/service.go:90.16,93.3 2 0
github.com/vetrovegor/kushfinds-backend/internal/user/service.go:95.2,95.20 1 0
github.com/vetrovegor/kushfinds-backend/internal/user/service.go:98.70,100.16 2 0
github.com/vetrovegor/kushfinds-backend/internal/user/service.go:100.16,103.3 2 0
github.com/vetrovegor/kushfinds-backend/internal/user/service.go:105.2,115.8 1 0
github.com/vetrovegor/kushfinds-backend/internal/user/service.go:118.96,120.16 2 0
github.com/vetrovegor/kushfinds-backend/internal/user/service.go:120.16,121.41 1 0
github.com/vetrovegor/kushfinds-backend/internal/user/service.go:121.41,123.4 1 0
github.com/vetrovegor/kushfinds-backend/internal/user/service.go:125.3,125.84 1 0
github.com/vetrovegor/kushfinds-backend/internal/user/service.go:128.2,128.25 1 0
github.com/vetrovegor/kushfinds-backend/internal/user/service.go:131.82,141.16 2 0
github.com/vetrovegor/kushfinds-backend/internal/user/service.go:141.16,144.3 2 0
github.com/vetrovegor/kushfinds-backend/internal/user/service.go:146.2,156.8 1 0
github.com/vetrovegor/kushfinds-backend/internal/user/service.go:159.87,160.72 1 0
github.com/vetrovegor/kushfinds-backend/internal/user/service.go:160.72,163.3 2 0
github.com/vetrovegor/kushfinds-backend/internal/user/service.go:165.2,165.12 1 0
github.com/vetrovegor/kushfinds-backend/internal/user/db/postgresql.go:19.73,24.2 1 0
github.com/vetrovegor/kushfinds-backend/internal/user/db/postgresql.go:26.46,28.2 1 0
github.com/vetrovegor/kushfinds-backend/internal/user/db/postgresql.go:30.74,48.41 4 0
github.com/vetrovegor/kushfinds-backend/internal/user/db/postgresql.go:48.41,49.36 1 0
github.com/vetrovegor/kushfinds-backend/internal/user/db/postgresql.go:49.36,51.4 1 0
github.com/vetrovegor/kushfinds-backend/internal/user/db/postgresql.go:53.3,53.18 1 0
github.com/vetrovegor/kushfinds-backend/internal/user/db/postgresql.go:56.2,56.27 1 0
github.com/vetrovegor/kushfinds-backend/internal/user/db/postgresql.go:59.83,77.41 4 0
github.com/vetrovegor/kushfinds-backend/internal/user/db/postgresql.go:77.41,78.36 1 0
github.com/vetrovegor/kushfinds-backend/internal/user/db/postgresql.go:78.36,80.4 1 0
github.com/vetrovegor/kushfinds-backend/internal/user/db/postgresql.go:82.3,82.18 1 0
github.com/vetrovegor/kushfinds-backend/internal/user/db/postgresql.go:85.2,85.27 1 0
github.com/vetrovegor/kushfinds-backend/internal/user/db/postgresql.go:88.77,100.71 5 0
github.com/vetrovegor/kushfinds-backend/internal/user/db/postgresql.go:100.71,102.3 1 0
github.com/vetrovegor/kushfinds-backend/internal/user/db/postgresql.go:104.2,104.17 1 0
github.com/vetrovegor/kushfinds-backend/internal/user/db/postgresql.go:107.73,127.41 5 0
github.com/vetrovegor/kushfinds-backend/internal/user/db/postgresql.go:127.41,129.3 1 0
github.com/vetrovegor/kushfinds-backend/internal/user/db/postgresql.go:131.2,131.27 1 0
github.com/vetrovegor/kushfinds-backend/internal/user/db/postgresql.go:134.99,144.16 5 0
github.com/vetrovegor/kushfinds-backend/internal/user/db/postgresql.go:144.16,145.36 1 0
github.com/vetrovegor/kushfinds-backend/internal/user/db/postgresql.go:145.36,147.4 1 0
github.com/vetrovegor/kushfinds-backend/internal/user/db/postgresql.go:148.3,148.20 1 0
github.com/vetrovegor/kushfinds-backend/internal/user/db/postgresql.go:151.2,151.19 1 0
github.com/vetrovegor/kushfinds-backend/internal/user/db/postgresql.go:154.84,172.41 4 0
github.com/vetrovegor/kushfinds-backend/internal/user/db/postgresql.go:172.41,174.3 1 0
github.com/vetrovegor/kushfinds-backend/internal/user/db/postgresql.go:176.2,176.27 1 0
github.com/vetrovegor/kushfinds-backend/internal/user/db/postgresql.go:179.90,191.2 4 0
github.com/vetrovegor/kushfinds-backend/internal/user/mocks/mock.go:33.59,37.2 3 0
github.com/vetrovegor/kushfinds-backend/internal/user/mocks/mock.go:40.57,42.2 1 0
github.com/vetrovegor/kushfinds-backend/internal/user/mocks/mock.go:45.100,51.2 5 0
github.com/vetrovegor/kushfinds-backend/internal/user/mocks/mock.go:54.93,57.2 2 0
github.com/vetrovegor/kushfinds-backend/internal/user/mocks/mock.go:60.78,66.2 5 0
github.com/vetrovegor/kushfinds-backend/internal/user/mocks/mock.go:69.72,72.2 2 0
github.com/vetrovegor/kushfinds-backend/internal/user/mocks/mock.go:75.89,81.2 5 0
github.com/vetrovegor/kushfinds-backend/internal/user/mocks/mock.go:84.76,87.2 2 0
github.com/vetrovegor/kushfinds-backend/internal/user/mocks/mock.go:90.80,96.2 5 0
github.com/vetrovegor/kushfinds-backend/internal/user/mocks/mock.go:99.70,102.2 2 0
github.com/vetrovegor/kushfinds-backend/internal/user/mocks/mock.go:105.91,110.2 4 0
github.com/vetrovegor/kushfinds-backend/internal/user/mocks/mock.go:113.88,116.2 2 0
github.com/vetrovegor/kushfinds-backend/internal/user/mocks/mock.go:119.96,125.2 5 0
github.com/vetrovegor/kushfinds-backend/internal/user/mocks/mock.go:128.79,131.2 2 0
github.com/vetrovegor/kushfinds-backend/internal/user/mocks/mock.go:134.79,140.2 5 0
github.com/vetrovegor/kushfinds-backend/internal/user/mocks/mock.go:143.69,146.2 2 0
github.com/vetrovegor/kushfinds-backend/internal/auth/jwt/jwt.go:21.57,25.2 1 0
github.com/vetrovegor/kushfinds-backend/internal/auth/jwt/jwt.go:32.67,43.2 3 0
github.com/vetrovegor/kushfinds-backend/internal/auth/jwt/jwt.go:45.60,47.2 1 0
github.com/vetrovegor/kushfinds-backend/internal/auth/jwt/jwt.go:49.66,50.99 1 0
github.com/vetrovegor/kushfinds-backend/internal/auth/jwt/jwt.go:50.99,52.3 1 0
github.com/vetrovegor/kushfinds-backend/internal/auth/jwt/jwt.go:53.2,53.32 1 0
github.com/vetrovegor/kushfinds-backend/internal/auth/jwt/jwt.go:53.32,55.3 1 0
github.com/vetrovegor/kushfinds-backend/internal/auth/jwt/jwt.go:57.2,58.9 2 0
github.com/vetrovegor/kushfinds-backend/internal/auth/jwt/jwt.go:58.9,60.3 1 0
github.com/vetrovegor/kushfinds-backend/internal/auth/jwt/jwt.go:62.2,62.27 1 0
github.com/vetrovegor/kushfinds-backend/internal/auth/jwt/middleware.go:13.103,14.46 1 1
github.com/vetrovegor/kushfinds-backend/internal/auth/jwt/middleware.go:14.46,15.72 1 4
github.com/vetrovegor/kushfinds-backend/internal/auth/jwt/middleware.go:15.72,17.24 2 4
github.com/vetrovegor/kushfinds-backend/internal/auth/jwt/middleware.go:17.24,20.5 2 1
github.com/vetrovegor/kushfinds-backend/internal/auth/jwt/middleware.go:22.4,23.83 2 3
github.com/vetrovegor/kushfinds-backend/internal/auth/jwt/middleware.go:23.83,26.5 2 1
github.com/vetrovegor/kushfinds-backend/internal/auth/jwt/middleware.go:28.4,29.18 2 2
github.com/vetrovegor/kushfinds-backend/internal/auth/jwt/middleware.go:29.18,33.5 3 1
github.com/vetrovegor/kushfinds-backend/internal/auth/jwt/middleware.go:35.4,36.41 2 1
github.com/vetrovegor/kushfinds-backend/internal/auth/handler/handler.go:29.127,35.2 1 0
github.com/vetrovegor/kushfinds-backend/internal/auth/handler/handler.go:37.47,38.52 1 0
github.com/vetrovegor/kushfinds-backend/internal/auth/handler/handler.go:38.52,39.65 1 0
github.com/vetrovegor/kushfinds-backend/internal/auth/handler/handler.go:39.65,43.64 3 0
github.com/vetrovegor/kushfinds-backend/internal/auth/handler/handler.go:43.64,48.5 3 0
github.com/vetrovegor/kushfinds-backend/internal/auth/handler/handler.go:51.3,51.59 1 0
github.com/vetrovegor/kushfinds-backend/internal/auth/handler/handler.go:51.59,54.4 2 0
github.com/vetrovegor/kushfinds-backend/internal/auth/handler/handler.go:56.3,59.66 3 0
github.com/vetrovegor/kushfinds-backend/internal/auth/handler/handler.go:63.80,72.2 2 3
github.com/vetrovegor/kushfinds-backend/internal/auth/handler/handler.go:74.54,83.2 2 2
github.com/vetrovegor/kushfinds-backend/internal/auth/handler/handler.go:90.86,92.56 2 6
github.com/vetrovegor/kushfinds-backend/internal/auth/handler/handler.go:92.56,94.3 1 1
github.com/vetrovegor/kushfinds-backend/internal/auth/handler/handler.go:96.2,96.45 1 5
github.com/vetrovegor/kushfinds-backend/internal/auth/handler/handler.go:96.45,98.3 1 2
github.com/vetrovegor/kushfinds-backend/internal/auth/handler/handler.go:100.2,100.50 1 3
github.com/vetrovegor/kushfinds-backend/internal/auth/handler/handler.go:108.87,110.56 2 5
github.com/vetrovegor/kushfinds-backend/internal/auth/handler/handler.go:110.56,112.3 1 1
github.com/vetrovegor/kushfinds-backend/internal/auth/handler/handler.go:114.2,114.45 1 4
github.com/vetrovegor/kushfinds-backend/internal/auth/handler/handler.go:114.45,116.3 1 1
github.com/vetrovegor/kushfinds-backend/internal/auth/handler/handler.go:118.2,119.16 2 3
github.com/vetrovegor/kushfinds-backend/internal/auth/handler/handler.go:119.16,121.3 1 2
github.com/vetrovegor/kushfinds-backend/internal/auth/handler/handler.go:123.2,127.12 3 1
github.com/vetrovegor/kushfinds-backend/internal/auth/handler/handler.go:135.85,137.56 2 5
github.com/vetrovegor/kushfinds-backend/internal/auth/handler/handler.go:137.56,139.3 1 1
github.com/vetrovegor/kushfinds-backend/internal/auth/handler/handler.go:141.2,141.45 1 4
github.com/vetrovegor/kushfinds-backend/internal/auth/handler/handler.go:141.45,143.3 1 1
github.com/vetrovegor/kushfinds-backend/internal/auth/handler/handler.go:145.2,145.49 1 3
github.com/vetrovegor/kushfinds-backend/internal/auth/handler/handler.go:154.88,156.56 2 5
github.com/vetrovegor/kushfinds-backend/internal/auth/handler/handler.go:156.56,158.3 1 1
github.com/vetrovegor/kushfinds-backend/internal/auth/handler/handler.go:160.2,160.45 1 4
github.com/vetrovegor/kushfinds-backend/internal/auth/handler/handler.go:160.45,162.3 1 1
github.com/vetrovegor/kushfinds-backend/internal/auth/handler/handler.go:164.2,167.16 3 3
github.com/vetrovegor/kushfinds-backend/internal/auth/handler/handler.go:167.16,169.3 1 2
github.com/vetrovegor/kushfinds-backend/internal/auth/handler/handler.go:171.2,173.12 2 1
github.com/vetrovegor/kushfinds-backend/internal/auth/handler/handler.go:182.89,184.56 2 6
github.com/vetrovegor/kushfinds-backend/internal/auth/handler/handler.go:184.56,186.3 1 1
github.com/vetrovegor/kushfinds-backend/internal/auth/handler/handler.go:188.2,188.45 1 5
github.com/vetrovegor/kushfinds-backend/internal/auth/handler/handler.go:188.45,190.3 1 2
github.com/vetrovegor/kushfinds-backend/internal/auth/handler/handler.go:192.2,194.57 2 3
github.com/vetrovegor/kushfinds-backend/internal/auth/handler/handler.go:202.83,204.56 2 6
github.com/vetrovegor/kushfinds-backend/internal/auth/handler/handler.go:204.56,206.3 1 1
github.com/vetrovegor/kushfinds-backend/internal/auth/handler/handler.go:208.2,208.45 1 5
github.com/vetrovegor/kushfinds-backend/internal/auth/handler/handler.go:208.45,210.3 1 2
github.com/vetrovegor/kushfinds-backend/internal/auth/handler/handler.go:212.2,213.16 2 3
github.com/vetrovegor/kushfinds-backend/internal/auth/handler/handler.go:213.16,215.3 1 2
github.com/vetrovegor/kushfinds-backend/internal/auth/handler/handler.go:217.2,219.12 2 1
github.com/vetrovegor/kushfinds-backend/internal/auth/handler/handler.go:227.86,229.56 2 7
github.com/vetrovegor/kushfinds-backend/internal/auth/handler/handler.go:229.56,231.3 1 1
github.com/vetrovegor/kushfinds-backend/internal/auth/handler/handler.go:233.2,233.45 1 6
github.com/vetrovegor/kushfinds-backend/internal/auth/handler/handler.go:233.45,235.3 1 3
github.com/vetrovegor/kushfinds-backend/internal/auth/handler/handler.go:237.2,238.16 2 3
github.com/vetrovegor/kushfinds-backend/internal/auth/handler/handler.go:238.16,240.3 1 2
github.com/vetrovegor/kushfinds-backend/internal/auth/handler/handler.go:242.2,246.12 3 1
github.com/vetrovegor/kushfinds-backend/internal/auth/handler/handler.go:253.80,255.16 2 3
github.com/vetrovegor/kushfinds-backend/internal/auth/handler/handler.go:255.16,257.3 1 1
github.com/vetrovegor/kushfinds-backend/internal/auth/handler/handler.go:259.2,260.16 2 2
github.com/vetrovegor/kushfinds-backend/internal/auth/handler/handler.go:260.16,262.3 1 1
github.com/vetrovegor/kushfinds-backend/internal/auth/handler/handler.go:264.2,268.12 3 1
github.com/vetrovegor/kushfinds-backend/internal/auth/handler/handler.go:274.79,276.16 2 3
github.com/vetrovegor/kushfinds-backend/internal/auth/handler/handler.go:276.16,279.3 2 2
github.com/vetrovegor/kushfinds-backend/internal/auth/handler/handler.go:281.2,281.12 1 3
